<?xml version="1.0" encoding="UTF-8"?>
<!-- Generated by org.testng.reporters.JUnitReportReporter -->
<testsuite hostname="MrB" failures="0" tests="1" name="ABCDEFGHIJK.firstTestNGtest" time="4.312" errors="0" timestamp="2021-03-21T14:28:33 EDT" skipped="0">
  <testcase classname="ABCDEFGHIJK.firstTestNGtest" name="firstTest" time="4.312"/>
  <system-out/>
</testsuite> <!-- ABCDEFGHIJK.firstTestNGtest -->
