<?xml version="1.0" encoding="UTF-8"?>
<!-- Generated by org.testng.reporters.JUnitReportReporter -->
<testsuite hostname="MrB" failures="0" tests="1" name="ABCDEFGHIJK.firstTestNGtest" time="4.297" errors="0" timestamp="2021-02-28T14:14:41 EST" skipped="0">
  <testcase classname="ABCDEFGHIJK.firstTestNGtest" name="firstTest" time="4.297"/>
  <system-out/>
</testsuite> <!-- ABCDEFGHIJK.firstTestNGtest -->
