<?xml version="1.0" encoding="UTF-8"?>
<!-- Generated by org.testng.reporters.JUnitReportReporter -->
<testsuite hostname="MrB" failures="0" tests="1" name="ABCDEFGHIJK.test" time="0.009" errors="0" timestamp="2021-03-21T14:31:24 EDT" skipped="0">
  <testcase classname="ABCDEFGHIJK.test" name="sysout" time="0.009"/>
  <system-out/>
</testsuite> <!-- ABCDEFGHIJK.test -->
