<?xml version="1.0" encoding="UTF-8"?>
<!-- Generated by org.testng.reporters.JUnitReportReporter -->
<testsuite hostname="MrB" failures="0" tests="3" name="ABCDEFGHIJK.testNG" time="0.008" errors="0" timestamp="2021-02-23T01:44:22 EST" skipped="0">
  <testcase classname="ABCDEFGHIJK.testNG" name="setup" time="0.006"/>
  <system-out/>
  <testcase classname="ABCDEFGHIJK.testNG" name="tearDown" time="0.001"/>
  <system-out/>
  <testcase classname="ABCDEFGHIJK.testNG" name="login" time="0.001"/>
  <system-out/>
</testsuite> <!-- ABCDEFGHIJK.testNG -->
