<?xml version="1.0" encoding="UTF-8"?>
<!-- Generated by org.testng.reporters.JUnitReportReporter -->
<testsuite hostname="MrB" failures="0" tests="1" name="ABCDEFGHIJK.HorizontalScroll" time="3.745" errors="0" timestamp="2021-02-28T02:01:50 EST" skipped="0">
  <testcase classname="ABCDEFGHIJK.HorizontalScroll" name="ScrollHorizontally" time="3.745"/>
  <system-out/>
</testsuite> <!-- ABCDEFGHIJK.HorizontalScroll -->
