<?xml version="1.0" encoding="UTF-8"?>
<!-- Generated by org.testng.reporters.JUnitReportReporter -->
<testsuite hostname="MrB" failures="0" tests="1" name="ABCDEFGHIJK.ScrollByPixel" time="3.887" errors="0" timestamp="2021-02-28T01:59:32 EST" skipped="0">
  <testcase classname="ABCDEFGHIJK.ScrollByPixel" name="ByPixel" time="3.887"/>
  <system-out/>
</testsuite> <!-- ABCDEFGHIJK.ScrollByPixel -->
